[DEBUG] (MainThread) configuration : {'sharedDIR': 'test', 'peerListeningPORT': 0, 'trackerPort': 45000, 'trackerIP': 'localhost', 'peerListeningIP': 'localhost'}
[INFO] (MainThread) CONNECTED to the peer or tracker localhost:45000 
[INFO] (MainThread) message sent to the client
[INFO] (MainThread) Message Received : AVAILABLE u1
[INFO] (MainThread) message sent to the client
[INFO] (MainThread) Message Received : WELCOME u1
[INFO] (PeerConnectionThread) client listening on localhost:0
[INFO] (MainThread) message sent to the client
[INFO] (MainThread) Message Received : OK
[INFO] (MainThread) message sent to the client
[INFO] (MainThread) Message Received : OK
[INFO] (MainThread) message sent to the client
[INFO] (MainThread) Message Received : FULLLIST 2
u1 .DS_Store
u1 finalproject.pdf
[INFO] (MainThread) message sent to the client
[INFO] (MainThread) Message Received : FULLLIST 4
u1 .DS_Store
u1 finalproject.pdf
u2 .DS_Store
u2 finalproject.pdf
