[DEBUG] (MainThread) configuration : {'sharedDIR': 'test', 'peerListeningPORT': 0, 'trackerPort': 45000, 'trackerIP': 'localhost', 'peerListeningIP': 'localhost'}
[INFO] (MainThread) CONNECTED to the peer or tracker localhost:45000 
[INFO] (MainThread) message sent to the client
[INFO] (MainThread) Message Received : AVAILABLE u2
[INFO] (MainThread) message sent to the client
[INFO] (MainThread) Message Received : WELCOME u2
[INFO] (PeerConnectionThread) client listening on localhost:0
[INFO] (MainThread) message sent to the client
[INFO] (MainThread) Message Received : OK
[INFO] (MainThread) message sent to the client
[INFO] (MainThread) Message Received : OK
[INFO] (MainThread) message sent to the client
[INFO] (MainThread) Message Received : FULLLIST 4
u1 .DS_Store
u1 finalproject.pdf
u2 .DS_Store
u2 Planner.cs
[INFO] (MainThread) message sent to the client
[INFO] (MainThread) Message Received : FULLLIST 4
u1 .DS_Store
u1 finalproject.pdf
u2 .DS_Store
u2 Planner.cs
[INFO] (MainThread) message sent to the client
[INFO] (MainThread) Message Received : FULLLIST 4
u1 .DS_Store
u1 finalproject.pdf
u2 .DS_Store
u2 Planner.cs
[INFO] (MainThread) message sent to the client
[INFO] (MainThread) Message Received : AT localhost 54742
[INFO] (MainThread) CONNECTED to the peer or tracker localhost:54742 
[INFO] (MainThread) message sent to the client
[INFO] (MainThread) message received : TAKE 74053
[INFO] (MainThread) file finalproject.pdf recieved
[INFO] (MainThread) message sent to the client
